{"numTotalTestSuites":2,"numPassedTestSuites":0,"numFailedTestSuites":2,"numPendingTestSuites":0,"numTotalTests":5,"numPassedTests":3,"numFailedTests":2,"numPendingTests":0,"numTodoTests":0,"snapshot":{"added":0,"failure":false,"filesAdded":0,"filesRemoved":0,"filesRemovedList":[],"filesUnmatched":0,"filesUpdated":0,"matched":0,"total":0,"unchecked":0,"uncheckedKeysByFile":[],"unmatched":0,"updated":0,"didUpdate":false},"startTime":1767633393482,"success":false,"testResults":[{"assertionResults":[{"ancestorTitles":["UI API Standardization"],"fullName":"UI API Standardization GET /api/master-key-status returns configured status","status":"passed","title":"GET /api/master-key-status returns configured status","duration":20.08529999999996,"failureMessages":[],"meta":{}},{"ancestorTitles":["UI API Standardization"],"fullName":"UI API Standardization GET /api/config-schema returns fields","status":"passed","title":"GET /api/config-schema returns fields","duration":4.15319999999997,"failureMessages":[],"meta":{}},{"ancestorTitles":["UI API Standardization"],"fullName":"UI API Standardization GET / serves index.html by default","status":"passed","title":"GET / serves index.html by default","duration":6.698499999999967,"failureMessages":[],"meta":{}},{"ancestorTitles":["UI API Standardization"],"fullName":"UI API Standardization GET / serves Connect UI when parameters are present","status":"failed","title":"GET / serves Connect UI when parameters are present","duration":18.686500000000024,"failureMessages":["AssertionError: expected '\\n<!DOCTYPE html>\\n<html lang=\"en\">\\n…' to contain '<title>Connect - Personal Context Bac…'\n    at C:/Users/james/Documents/Development/personal-context-mcp/tests/ui_api.test.ts:57:26\n    at processTicksAndRejections (node:internal/process/task_queues:95:5)\n    at file:///C:/Users/james/Documents/Development/personal-context-mcp/node_modules/@vitest/runner/dist/index.js:915:20"],"meta":{}},{"ancestorTitles":["UI API Standardization"],"fullName":"UI API Standardization GET /api/api-keys/schema (via alias) works","status":"failed","title":"GET /api/api-keys/schema (via alias) works","duration":7.160200000000032,"failureMessages":["AssertionError: expected 404 to be 200 // Object.is equality\n    at C:/Users/james/Documents/Development/personal-context-mcp/tests/ui_api.test.ts:63:28\n    at processTicksAndRejections (node:internal/process/task_queues:95:5)\n    at file:///C:/Users/james/Documents/Development/personal-context-mcp/node_modules/@vitest/runner/dist/index.js:915:20"],"meta":{}}],"startTime":1767633394482,"endTime":1767633394539.1602,"status":"failed","message":"","name":"C:/Users/james/Documents/Development/personal-context-mcp/tests/ui_api.test.ts"}]}